<?xml version="1.0" encoding="UTF-8"?>
<!-- Generated by org.testng.reporters.JUnitXMLReporter -->
<testsuite ignored="0" hostname="MSI" failures="0" tests="6" name="Test" time="71.87" errors="0" timestamp="2024-07-18T11:26:59 PDT">
  <testcase classname="testCases.TC_003_LoginDTT" name="verify_loginDTT" time="7.997"/>
  <testcase classname="testCases.TC_003_LoginDTT" name="verify_loginDTT" time="7.469"/>
  <testcase classname="testCases.TC_003_LoginDTT" name="verify_loginDTT" time="7.777"/>
  <testcase classname="testCases.TC_003_LoginDTT" name="verify_loginDTT" time="17.361"/>
  <testcase classname="testCases.TC_003_LoginDTT" name="verify_loginDTT" time="7.805"/>
  <testcase classname="testCases.TC_003_LoginDTT" name="verify_loginDTT" time="17.047"/>
</testsuite> <!-- Test -->
